2013-01-18 19:07:10 [INFO] Starting integrated minecraft server version 1.4.6
2013-01-18 19:07:10 [INFO] Generating keypair
2013-01-18 19:07:10 [INFO] Converting map!
2013-01-18 19:07:12 [INFO] Preparing start region for level 0
2013-01-18 19:07:13 [INFO] Preparing spawn area: 27%
2013-01-18 19:07:14 [INFO] Preparing spawn area: 61%
2013-01-18 19:07:15 [INFO] Preparing spawn area: 68%
2013-01-18 19:07:16 [INFO] Preparing spawn area: 98%
2013-01-18 19:07:17 [INFO] Energy[/127.0.0.1:0] logged in with entity id 14 at (14.5, 63.62000000476837, 445.5)
2013-01-18 19:07:20 [INFO] Saving and pausing game...
2013-01-18 19:07:20 [INFO] Saving chunks for level 'New World'/Overworld
2013-01-18 19:07:23 [INFO] Saving chunks for level 'New World'/Nether
2013-01-18 19:07:23 [WARNING] Can't keep up! Did the system time change, or is the server overloaded?
2013-01-18 19:07:24 [INFO] Saving and pausing game...
2013-01-18 19:07:24 [INFO] Saving chunks for level 'New World'/Overworld
2013-01-18 19:07:25 [INFO] Saving chunks for level 'New World'/Nether
2013-01-18 19:07:32 [INFO] Stopping server
2013-01-18 19:07:32 [INFO] Saving players
2013-01-18 19:07:32 [INFO] Saving worlds
2013-01-18 19:07:32 [INFO] Saving chunks for level 'New World'/Overworld
2013-01-18 19:07:32 [INFO] Saving chunks for level 'New World'/Nether
2013-01-25 18:45:28 [INFO] Starting integrated minecraft server version 1.4.6
2013-01-25 18:45:28 [INFO] Generating keypair
2013-01-25 18:45:29 [INFO] Converting map!
2013-01-25 18:45:34 [INFO] Preparing start region for level 0
2013-01-25 18:45:35 [INFO] Preparing spawn area: 26%
2013-01-25 18:45:36 [INFO] Preparing spawn area: 58%
2013-01-25 18:45:37 [INFO] Preparing spawn area: 91%
2013-01-25 18:45:38 [INFO] Energy[/127.0.0.1:0] logged in with entity id 1370 at (-242.5, 64.62000000476837, 73.5)
2013-01-25 18:46:41 [INFO] Giving Energy 3 of Tender
2013-01-25 18:46:56 [INFO] Giving Energy 1 of Steeleaf Shovel Efficiency II
2013-01-25 18:47:13 [INFO] Giving Energy 1 of Advanced Diamond Drill
2013-01-25 18:47:42 [INFO] Giving Energy 16 of Clay Golem Worker
2013-01-25 18:48:02 [INFO] Giving Energy infinite Thaumium Helm
2013-01-25 18:48:02 [INFO] Giving Energy infinite Thaumium Chestplate
2013-01-25 18:48:02 [INFO] Giving Energy infinite Thaumium Leggings
2013-01-25 18:48:04 [INFO] Giving Energy infinite Thaumium Boots
2013-01-25 18:48:26 [INFO] Giving Energy 64 of Essentia Instrumentum Instrument, Tool, Implement
2013-01-25 18:49:01 [INFO] Giving Energy 64 of Glowstone
2013-01-25 18:50:30 [INFO] Giving Energy 1 of Advanced Lappack
2013-01-25 18:50:39 [INFO] Giving Energy 1 of Advanced Diamond Drill
2013-01-25 18:58:00 [INFO] Giving Energy 64 of Brown Structure
2013-01-25 18:58:03 [INFO] Giving Energy 1 of Destructopack
2013-01-25 18:58:10 [INFO] Giving Energy 64 of Essentia Fractus Destruction, Fragmented, Shattered
2013-01-25 18:58:14 [INFO] Stopping server
2013-01-25 18:58:14 [INFO] Saving players
2013-01-25 18:58:14 [INFO] Saving worlds
2013-01-25 18:58:14 [INFO] Saving chunks for level 'New World'/Overworld
2013-01-25 18:58:14 [INFO] Saving chunks for level 'New World'/Nether
2013-05-13 01:03:22 [INFO] Starting integrated minecraft server version 1.4.7
2013-05-13 01:03:22 [INFO] Generating keypair
2013-05-13 01:03:22 [INFO] Converting map!
2013-05-13 01:03:28 [INFO] Preparing start region for level 0
2013-05-13 01:03:29 [INFO] Preparing spawn area: 11%
2013-05-13 01:03:30 [INFO] Preparing spawn area: 36%
2013-05-13 01:03:31 [INFO] Preparing spawn area: 56%
2013-05-13 01:03:32 [INFO] Preparing spawn area: 65%
2013-05-13 01:03:33 [INFO] Preparing spawn area: 90%
2013-05-13 01:03:34 [SEVERE] Encountered an unexpected exception NoClassDefFoundError
java.lang.NoClassDefFoundError: ls
	at lt.a(SourceFile:120)
	at is.a(EntityTrackerEntry.java:183)
	at ii.a(EntityTracker.java:238)
	at net.minecraft.server.MinecraftServer.r(MinecraftServer.java:692)
	at net.minecraft.server.MinecraftServer.q(MinecraftServer.java:599)
	at bdz.q(IntegratedServer.java:123)
	at net.minecraft.server.MinecraftServer.run(MinecraftServer.java:497)
	at fy.run(SourceFile:849)
Caused by: java.lang.ClassNotFoundException: ls
	at cpw.mods.fml.relauncher.RelaunchClassLoader.findClass(RelaunchClassLoader.java:185)
	at java.lang.ClassLoader.loadClass(Unknown Source)
	at java.lang.ClassLoader.loadClass(Unknown Source)
	... 8 more
Caused by: java.lang.NullPointerException
2013-05-13 01:03:34 [INFO] Stopping server
2013-05-13 01:03:34 [INFO] Saving players
2013-05-13 01:03:34 [INFO] Saving worlds
2013-05-13 01:03:34 [INFO] Saving chunks for level 'New World'/Overworld
